
*** Running vivado
    with args -log cpu.vds -m64 -product Vivado -mode batch -messageDb vivado.pb -notrace -source cpu.tcl


****** Vivado v2016.4 (64-bit)
  **** SW Build 1756540 on Mon Jan 23 19:11:19 MST 2017
  **** IP Build 1755317 on Mon Jan 23 20:30:07 MST 2017
    ** Copyright 1986-2016 Xilinx, Inc. All Rights Reserved.

source cpu.tcl -notrace
Command: synth_design -top cpu -part xc7a200tfbg676-2
Starting synth_design
Attempting to get a license for feature 'Synthesis' and/or device 'xc7a200t'
INFO: [Common 17-349] Got license for feature 'Synthesis' and/or device 'xc7a200t'
INFO: Launching helper process for spawning children vivado processes
INFO: Helper process launched with PID 21897 
WARNING: [Synth 8-2611] redeclaration of ansi port out is not allowed [/home/steven/Desktop/vivado/HW3_singleCycle/HW3_singleCycle.srcs/sources_1/new/Register.v:30]
WARNING: [Synth 8-2611] redeclaration of ansi port data1 is not allowed [/home/steven/Desktop/vivado/HW3_singleCycle/HW3_singleCycle.srcs/sources_1/new/RegisterFile.v:51]
WARNING: [Synth 8-2611] redeclaration of ansi port data2 is not allowed [/home/steven/Desktop/vivado/HW3_singleCycle/HW3_singleCycle.srcs/sources_1/new/RegisterFile.v:52]
WARNING: [Synth 8-2611] redeclaration of ansi port C is not allowed [/home/steven/Desktop/vivado/HW3_singleCycle/HW3_singleCycle.srcs/sources_1/new/ALU.v:11]
WARNING: [Synth 8-2611] redeclaration of ansi port Cout is not allowed [/home/steven/Desktop/vivado/HW3_singleCycle/HW3_singleCycle.srcs/sources_1/new/ALU.v:12]
WARNING: [Synth 8-2611] redeclaration of ansi port num_inst is not allowed [/home/steven/Desktop/vivado/HW3_singleCycle/HW3_singleCycle.srcs/sources_1/new/cpu.v:53]
WARNING: [Synth 8-2611] redeclaration of ansi port output_port is not allowed [/home/steven/Desktop/vivado/HW3_singleCycle/HW3_singleCycle.srcs/sources_1/new/cpu.v:54]
WARNING: [Synth 8-2611] redeclaration of ansi port data is not allowed [/home/steven/Desktop/vivado/HW3_singleCycle/HW3_singleCycle.srcs/sources_1/new/cpu.v:56]
WARNING: [Synth 8-2611] redeclaration of ansi port address is not allowed [/home/steven/Desktop/vivado/HW3_singleCycle/HW3_singleCycle.srcs/sources_1/new/cpu.v:59]
WARNING: [Synth 8-2611] redeclaration of ansi port ftncode is not allowed [/home/steven/Desktop/vivado/HW3_singleCycle/HW3_singleCycle.srcs/sources_1/new/cpu.v:146]
WARNING: [Synth 8-2611] redeclaration of ansi port opcode is not allowed [/home/steven/Desktop/vivado/HW3_singleCycle/HW3_singleCycle.srcs/sources_1/new/cpu.v:147]
WARNING: [Synth 8-2611] redeclaration of ansi port addr is not allowed [/home/steven/Desktop/vivado/HW3_singleCycle/HW3_singleCycle.srcs/sources_1/new/cpu.v:149]
WARNING: [Synth 8-2611] redeclaration of ansi port out is not allowed [/home/steven/Desktop/vivado/HW3_singleCycle/HW3_singleCycle.srcs/sources_1/new/cpu.v:200]
---------------------------------------------------------------------------------
Starting Synthesize : Time (s): cpu = 00:00:06 ; elapsed = 00:00:06 . Memory (MB): peak = 1066.023 ; gain = 134.305 ; free physical = 1685 ; free virtual = 12306
---------------------------------------------------------------------------------
INFO: [Synth 8-638] synthesizing module 'cpu' [/home/steven/Desktop/vivado/HW3_singleCycle/HW3_singleCycle.srcs/sources_1/new/cpu.v:37]
INFO: [Synth 8-638] synthesizing module 'DataPath' [/home/steven/Desktop/vivado/HW3_singleCycle/HW3_singleCycle.srcs/sources_1/new/cpu.v:123]
INFO: [Synth 8-638] synthesizing module 'SignExtension' [/home/steven/Desktop/vivado/HW3_singleCycle/HW3_singleCycle.srcs/sources_1/new/cpu.v:195]
INFO: [Synth 8-256] done synthesizing module 'SignExtension' (1#1) [/home/steven/Desktop/vivado/HW3_singleCycle/HW3_singleCycle.srcs/sources_1/new/cpu.v:195]
INFO: [Synth 8-638] synthesizing module 'RegisterFile' [/home/steven/Desktop/vivado/HW3_singleCycle/HW3_singleCycle.srcs/sources_1/new/RegisterFile.v:23]
	Parameter num bound to: 4 - type: integer 
INFO: [Synth 8-638] synthesizing module 'Register' [/home/steven/Desktop/vivado/HW3_singleCycle/HW3_singleCycle.srcs/sources_1/new/Register.v:23]
INFO: [Synth 8-256] done synthesizing module 'Register' (2#1) [/home/steven/Desktop/vivado/HW3_singleCycle/HW3_singleCycle.srcs/sources_1/new/Register.v:23]
WARNING: [Synth 8-324] index 4 out of range [/home/steven/Desktop/vivado/HW3_singleCycle/HW3_singleCycle.srcs/sources_1/new/RegisterFile.v:46]
WARNING: [Synth 8-324] index 4 out of range [/home/steven/Desktop/vivado/HW3_singleCycle/HW3_singleCycle.srcs/sources_1/new/RegisterFile.v:46]
WARNING: [Synth 8-324] index 5 out of range [/home/steven/Desktop/vivado/HW3_singleCycle/HW3_singleCycle.srcs/sources_1/new/RegisterFile.v:46]
WARNING: [Synth 8-324] index 5 out of range [/home/steven/Desktop/vivado/HW3_singleCycle/HW3_singleCycle.srcs/sources_1/new/RegisterFile.v:46]
WARNING: [Synth 8-324] index 6 out of range [/home/steven/Desktop/vivado/HW3_singleCycle/HW3_singleCycle.srcs/sources_1/new/RegisterFile.v:46]
WARNING: [Synth 8-324] index 6 out of range [/home/steven/Desktop/vivado/HW3_singleCycle/HW3_singleCycle.srcs/sources_1/new/RegisterFile.v:46]
WARNING: [Synth 8-324] index 7 out of range [/home/steven/Desktop/vivado/HW3_singleCycle/HW3_singleCycle.srcs/sources_1/new/RegisterFile.v:46]
WARNING: [Synth 8-324] index 7 out of range [/home/steven/Desktop/vivado/HW3_singleCycle/HW3_singleCycle.srcs/sources_1/new/RegisterFile.v:46]
WARNING: [Synth 8-324] index 8 out of range [/home/steven/Desktop/vivado/HW3_singleCycle/HW3_singleCycle.srcs/sources_1/new/RegisterFile.v:46]
WARNING: [Synth 8-324] index 8 out of range [/home/steven/Desktop/vivado/HW3_singleCycle/HW3_singleCycle.srcs/sources_1/new/RegisterFile.v:46]
WARNING: [Synth 8-324] index 9 out of range [/home/steven/Desktop/vivado/HW3_singleCycle/HW3_singleCycle.srcs/sources_1/new/RegisterFile.v:46]
WARNING: [Synth 8-324] index 9 out of range [/home/steven/Desktop/vivado/HW3_singleCycle/HW3_singleCycle.srcs/sources_1/new/RegisterFile.v:46]
WARNING: [Synth 8-324] index 10 out of range [/home/steven/Desktop/vivado/HW3_singleCycle/HW3_singleCycle.srcs/sources_1/new/RegisterFile.v:46]
WARNING: [Synth 8-324] index 10 out of range [/home/steven/Desktop/vivado/HW3_singleCycle/HW3_singleCycle.srcs/sources_1/new/RegisterFile.v:46]
WARNING: [Synth 8-324] index 11 out of range [/home/steven/Desktop/vivado/HW3_singleCycle/HW3_singleCycle.srcs/sources_1/new/RegisterFile.v:46]
WARNING: [Synth 8-324] index 11 out of range [/home/steven/Desktop/vivado/HW3_singleCycle/HW3_singleCycle.srcs/sources_1/new/RegisterFile.v:46]
WARNING: [Synth 8-324] index 12 out of range [/home/steven/Desktop/vivado/HW3_singleCycle/HW3_singleCycle.srcs/sources_1/new/RegisterFile.v:46]
WARNING: [Synth 8-324] index 12 out of range [/home/steven/Desktop/vivado/HW3_singleCycle/HW3_singleCycle.srcs/sources_1/new/RegisterFile.v:46]
WARNING: [Synth 8-324] index 13 out of range [/home/steven/Desktop/vivado/HW3_singleCycle/HW3_singleCycle.srcs/sources_1/new/RegisterFile.v:46]
WARNING: [Synth 8-324] index 13 out of range [/home/steven/Desktop/vivado/HW3_singleCycle/HW3_singleCycle.srcs/sources_1/new/RegisterFile.v:46]
WARNING: [Synth 8-324] index 14 out of range [/home/steven/Desktop/vivado/HW3_singleCycle/HW3_singleCycle.srcs/sources_1/new/RegisterFile.v:46]
WARNING: [Synth 8-324] index 14 out of range [/home/steven/Desktop/vivado/HW3_singleCycle/HW3_singleCycle.srcs/sources_1/new/RegisterFile.v:46]
WARNING: [Synth 8-311] ignoring non-constant assignment in initial block [/home/steven/Desktop/vivado/HW3_singleCycle/HW3_singleCycle.srcs/sources_1/new/RegisterFile.v:55]
WARNING: [Synth 8-311] ignoring non-constant assignment in initial block [/home/steven/Desktop/vivado/HW3_singleCycle/HW3_singleCycle.srcs/sources_1/new/RegisterFile.v:56]
INFO: [Synth 8-256] done synthesizing module 'RegisterFile' (3#1) [/home/steven/Desktop/vivado/HW3_singleCycle/HW3_singleCycle.srcs/sources_1/new/RegisterFile.v:23]
WARNING: [Synth 8-689] width (1) of port connection 'addr3' does not match port width (2) of module 'RegisterFile' [/home/steven/Desktop/vivado/HW3_singleCycle/HW3_singleCycle.srcs/sources_1/new/cpu.v:175]
INFO: [Synth 8-638] synthesizing module 'ALU' [/home/steven/Desktop/vivado/HW3_singleCycle/HW3_singleCycle.srcs/sources_1/new/ALU.v:2]
INFO: [Synth 8-256] done synthesizing module 'ALU' (4#1) [/home/steven/Desktop/vivado/HW3_singleCycle/HW3_singleCycle.srcs/sources_1/new/ALU.v:2]
WARNING: [Synth 8-689] width (1) of port connection 'A' does not match port width (16) of module 'ALU' [/home/steven/Desktop/vivado/HW3_singleCycle/HW3_singleCycle.srcs/sources_1/new/cpu.v:178]
WARNING: [Synth 8-689] width (1) of port connection 'B' does not match port width (16) of module 'ALU' [/home/steven/Desktop/vivado/HW3_singleCycle/HW3_singleCycle.srcs/sources_1/new/cpu.v:178]
WARNING: [Synth 8-3848] Net ftncode in module/entity DataPath does not have driver. [/home/steven/Desktop/vivado/HW3_singleCycle/HW3_singleCycle.srcs/sources_1/new/cpu.v:135]
WARNING: [Synth 8-3848] Net add3 in module/entity DataPath does not have driver. [/home/steven/Desktop/vivado/HW3_singleCycle/HW3_singleCycle.srcs/sources_1/new/cpu.v:175]
WARNING: [Synth 8-3848] Net A in module/entity DataPath does not have driver. [/home/steven/Desktop/vivado/HW3_singleCycle/HW3_singleCycle.srcs/sources_1/new/cpu.v:178]
WARNING: [Synth 8-3848] Net B in module/entity DataPath does not have driver. [/home/steven/Desktop/vivado/HW3_singleCycle/HW3_singleCycle.srcs/sources_1/new/cpu.v:178]
INFO: [Synth 8-256] done synthesizing module 'DataPath' (5#1) [/home/steven/Desktop/vivado/HW3_singleCycle/HW3_singleCycle.srcs/sources_1/new/cpu.v:123]
ERROR: [Synth 8-685] variable 'data_reg' should not be used in output port connection [/home/steven/Desktop/vivado/HW3_singleCycle/HW3_singleCycle.srcs/sources_1/new/cpu.v:80]
ERROR: [Synth 8-285] failed synthesizing module 'cpu' [/home/steven/Desktop/vivado/HW3_singleCycle/HW3_singleCycle.srcs/sources_1/new/cpu.v:37]
---------------------------------------------------------------------------------
Finished Synthesize : Time (s): cpu = 00:00:07 ; elapsed = 00:00:07 . Memory (MB): peak = 1091.273 ; gain = 159.555 ; free physical = 1658 ; free virtual = 12281
---------------------------------------------------------------------------------
synthesize failed
INFO: [Common 17-83] Releasing license: Synthesis
17 Infos, 44 Warnings, 0 Critical Warnings and 3 Errors encountered.
synth_design failed
ERROR: [Common 17-69] Command failed: Vivado Synthesis failed
INFO: [Common 17-206] Exiting Vivado at Thu Mar 30 16:44:01 2017...
