Vivado Simulator 2016.4
Copyright 1986-1999, 2001-2016 Xilinx, Inc. All Rights Reserved.
Running: /opt/Xilinx/Vivado/2016.4/bin/unwrapped/lnx64.o/xelab -wto 1379efa9e48740649f1339fe61d465c1 --debug typical --relax --mt 8 -L xil_defaultlib -L unisims_ver -L unimacro_ver -L secureip --snapshot cpu_evaluation_tb_behav xil_defaultlib.cpu_evaluation_tb xil_defaultlib.glbl -log elaborate.log 
Using 8 slave threads.
Starting static elaboration
WARNING: [VRFC 10-1783] select index 4 into writeReg is out of bounds [/home/steven/Desktop/vivado/HW3_singleCycle/HW3_singleCycle.srcs/sources_1/new/RegisterFile.v:46]
WARNING: [VRFC 10-597] element index 4 into outs is out of bounds [/home/steven/Desktop/vivado/HW3_singleCycle/HW3_singleCycle.srcs/sources_1/new/RegisterFile.v:46]
Completed static elaboration
Starting simulation data flow analysis
WARNING: [XSIM 43-4099] "/home/steven/Desktop/vivado/HW3_singleCycle/HW3_singleCycle.srcs/sources_1/new/Register.v" Line 23. Module Register doesn't have a timescale but at least one module in design has a timescale.
WARNING: [XSIM 43-4099] "/home/steven/Desktop/vivado/HW3_singleCycle/HW3_singleCycle.srcs/sources_1/new/Register.v" Line 23. Module Register doesn't have a timescale but at least one module in design has a timescale.
WARNING: [XSIM 43-4099] "/home/steven/Desktop/vivado/HW3_singleCycle/HW3_singleCycle.srcs/sources_1/new/Register.v" Line 23. Module Register doesn't have a timescale but at least one module in design has a timescale.
WARNING: [XSIM 43-4099] "/home/steven/Desktop/vivado/HW3_singleCycle/HW3_singleCycle.srcs/sources_1/new/Register.v" Line 23. Module Register doesn't have a timescale but at least one module in design has a timescale.
WARNING: [XSIM 43-4099] "/home/steven/Desktop/vivado/HW3_singleCycle/HW3_singleCycle.srcs/sources_1/new/Register.v" Line 23. Module Register doesn't have a timescale but at least one module in design has a timescale.
WARNING: [XSIM 43-4099] "/home/steven/Desktop/vivado/HW3_singleCycle/HW3_singleCycle.srcs/sources_1/new/Register.v" Line 23. Module Register doesn't have a timescale but at least one module in design has a timescale.
WARNING: [XSIM 43-4099] "/home/steven/Desktop/vivado/HW3_singleCycle/HW3_singleCycle.srcs/sources_1/new/Register.v" Line 23. Module Register doesn't have a timescale but at least one module in design has a timescale.
WARNING: [XSIM 43-4099] "/home/steven/Desktop/vivado/HW3_singleCycle/HW3_singleCycle.srcs/sources_1/new/Register.v" Line 23. Module Register doesn't have a timescale but at least one module in design has a timescale.
WARNING: [XSIM 43-4099] "/home/steven/Desktop/vivado/HW3_singleCycle/HW3_singleCycle.srcs/sources_1/new/Register.v" Line 23. Module Register doesn't have a timescale but at least one module in design has a timescale.
WARNING: [XSIM 43-4099] "/home/steven/Desktop/vivado/HW3_singleCycle/HW3_singleCycle.srcs/sources_1/new/Register.v" Line 23. Module Register doesn't have a timescale but at least one module in design has a timescale.
WARNING: [XSIM 43-4099] "/home/steven/Desktop/vivado/HW3_singleCycle/HW3_singleCycle.srcs/sources_1/new/Register.v" Line 23. Module Register doesn't have a timescale but at least one module in design has a timescale.
WARNING: [XSIM 43-4099] "/home/steven/Desktop/vivado/HW3_singleCycle/HW3_singleCycle.srcs/sources_1/new/Register.v" Line 23. Module Register doesn't have a timescale but at least one module in design has a timescale.
WARNING: [XSIM 43-4099] "/home/steven/Desktop/vivado/HW3_singleCycle/HW3_singleCycle.srcs/sources_1/new/Register.v" Line 23. Module Register doesn't have a timescale but at least one module in design has a timescale.
WARNING: [XSIM 43-4099] "/home/steven/Desktop/vivado/HW3_singleCycle/HW3_singleCycle.srcs/sources_1/new/Register.v" Line 23. Module Register doesn't have a timescale but at least one module in design has a timescale.
WARNING: [XSIM 43-4099] "/home/steven/Desktop/vivado/HW3_singleCycle/HW3_singleCycle.srcs/sources_1/new/Register.v" Line 23. Module Register doesn't have a timescale but at least one module in design has a timescale.
WARNING: [XSIM 43-4099] "/home/steven/Desktop/vivado/HW3_singleCycle/HW3_singleCycle.srcs/sources_1/new/ALU.v" Line 2. Module ALU doesn't have a timescale but at least one module in design has a timescale.
WARNING: [XSIM 43-4099] "/home/steven/Desktop/vivado/HW3_singleCycle/HW3_singleCycle.srcs/sources_1/new/Register.v" Line 23. Module Register doesn't have a timescale but at least one module in design has a timescale.
WARNING: [XSIM 43-4099] "/home/steven/Desktop/vivado/HW3_singleCycle/HW3_singleCycle.srcs/sources_1/new/Register.v" Line 23. Module Register doesn't have a timescale but at least one module in design has a timescale.
WARNING: [XSIM 43-4099] "/home/steven/Desktop/vivado/HW3_singleCycle/HW3_singleCycle.srcs/sources_1/new/Register.v" Line 23. Module Register doesn't have a timescale but at least one module in design has a timescale.
WARNING: [XSIM 43-4099] "/home/steven/Desktop/vivado/HW3_singleCycle/HW3_singleCycle.srcs/sources_1/new/Register.v" Line 23. Module Register doesn't have a timescale but at least one module in design has a timescale.
WARNING: [XSIM 43-4099] "/home/steven/Desktop/vivado/HW3_singleCycle/HW3_singleCycle.srcs/sources_1/new/Register.v" Line 23. Module Register doesn't have a timescale but at least one module in design has a timescale.
WARNING: [XSIM 43-4099] "/home/steven/Desktop/vivado/HW3_singleCycle/HW3_singleCycle.srcs/sources_1/new/Register.v" Line 23. Module Register doesn't have a timescale but at least one module in design has a timescale.
WARNING: [XSIM 43-4099] "/home/steven/Desktop/vivado/HW3_singleCycle/HW3_singleCycle.srcs/sources_1/new/Register.v" Line 23. Module Register doesn't have a timescale but at least one module in design has a timescale.
WARNING: [XSIM 43-4099] "/home/steven/Desktop/vivado/HW3_singleCycle/HW3_singleCycle.srcs/sources_1/new/Register.v" Line 23. Module Register doesn't have a timescale but at least one module in design has a timescale.
WARNING: [XSIM 43-4099] "/home/steven/Desktop/vivado/HW3_singleCycle/HW3_singleCycle.srcs/sources_1/new/Register.v" Line 23. Module Register doesn't have a timescale but at least one module in design has a timescale.
WARNING: [XSIM 43-4099] "/home/steven/Desktop/vivado/HW3_singleCycle/HW3_singleCycle.srcs/sources_1/new/Register.v" Line 23. Module Register doesn't have a timescale but at least one module in design has a timescale.
WARNING: [XSIM 43-4099] "/home/steven/Desktop/vivado/HW3_singleCycle/HW3_singleCycle.srcs/sources_1/new/Register.v" Line 23. Module Register doesn't have a timescale but at least one module in design has a timescale.
WARNING: [XSIM 43-4099] "/home/steven/Desktop/vivado/HW3_singleCycle/HW3_singleCycle.srcs/sources_1/new/Register.v" Line 23. Module Register doesn't have a timescale but at least one module in design has a timescale.
WARNING: [XSIM 43-4099] "/home/steven/Desktop/vivado/HW3_singleCycle/HW3_singleCycle.srcs/sources_1/new/Register.v" Line 23. Module Register doesn't have a timescale but at least one module in design has a timescale.
WARNING: [XSIM 43-4099] "/home/steven/Desktop/vivado/HW3_singleCycle/HW3_singleCycle.srcs/sources_1/new/Register.v" Line 23. Module Register doesn't have a timescale but at least one module in design has a timescale.
WARNING: [XSIM 43-4099] "/home/steven/Desktop/vivado/HW3_singleCycle/HW3_singleCycle.srcs/sources_1/new/Register.v" Line 23. Module Register doesn't have a timescale but at least one module in design has a timescale.
WARNING: [XSIM 43-4099] "/home/steven/Desktop/vivado/HW3_singleCycle/HW3_singleCycle.srcs/sources_1/new/ALU.v" Line 2. Module ALU doesn't have a timescale but at least one module in design has a timescale.
Completed simulation data flow analysis
Time Resolution for simulation is 1ps
Compiling module xil_defaultlib.SignExtension
Compiling module xil_defaultlib.LHIConcaternate
Compiling module xil_defaultlib.Register
Compiling module xil_defaultlib.RegisterFile_default
Compiling module xil_defaultlib.ALU
Compiling module xil_defaultlib.DataPath
Compiling module xil_defaultlib.Controller
Compiling module xil_defaultlib.JumpConcaternate
Compiling module xil_defaultlib.cpu
Compiling module xil_defaultlib.cpu_evaluation_tb
Compiling module xil_defaultlib.glbl
Built simulation snapshot cpu_evaluation_tb_behav
